<?xml version="1.0" encoding="UTF-8"?>
<!-- Generated by org.testng.reporters.JUnitReportReporter -->
<testsuite skipped="0" hostname="IBM-Testing01" name="Demowebshoptest.VerifyRegistrationdemo" tests="1" failures="0" timestamp="05 Mar 2020 06:21:36 GMT" time="17.289" errors="0">
  <testcase name="checklogin" time="17.289" classname="Demowebshoptest.VerifyRegistrationdemo"/>
</testsuite> <!-- Demowebshoptest.VerifyRegistrationdemo -->
