<?xml version="1.0" encoding="UTF-8"?>
<!-- Generated by org.testng.reporters.JUnitReportReporter -->
<testsuite skipped="0" hostname="IBM-Testing01" name="Demowebshoptest.VerifyLogin" tests="1" failures="0" timestamp="05 Mar 2020 05:01:42 GMT" time="45.014" errors="0">
  <testcase name="checklogin" time="45.014" classname="Demowebshoptest.VerifyLogin"/>
</testsuite> <!-- Demowebshoptest.VerifyLogin -->
